f:\my data\studioprojects\midi difficulty calculation\debug\midi difficulty calculation.bsc
f:\my data\studioprojects\midi difficulty calculation\midi difficulty calculation\debug\vc120.pdb
f:\my data\studioprojects\midi difficulty calculation\midi difficulty calculation\debug\vc120.idb
f:\my data\studioprojects\midi difficulty calculation\midi difficulty calculation\debug\stdafx.sbr
f:\my data\studioprojects\midi difficulty calculation\midi difficulty calculation\debug\3 components.sbr
f:\my data\studioprojects\midi difficulty calculation\midi difficulty calculation\debug\3 components.obj
f:\my data\studioprojects\midi difficulty calculation\midi difficulty calculation\debug\stdafx.obj
f:\my data\studioprojects\midi difficulty calculation\debug\midi difficulty calculation.ilk
f:\my data\studioprojects\midi difficulty calculation\debug\midi difficulty calculation.exe
f:\my data\studioprojects\midi difficulty calculation\debug\midi difficulty calculation.pdb
f:\my data\studioprojects\midi difficulty calculation\main\debug\stdafx.obj
f:\my data\studioprojects\midi difficulty calculation\main\debug\main.ilk
f:\my data\studioprojects\midi difficulty calculation\main\debug\vc120.idb
f:\my data\studioprojects\midi difficulty calculation\main\debug\main.pdb
f:\my data\studioprojects\midi difficulty calculation\main\debug\vc120.pdb
f:\my data\studioprojects\midi difficulty calculation\main\debug\3 components.sbr
f:\my data\studioprojects\midi difficulty calculation\main\debug\stdafx.sbr
f:\my data\studioprojects\midi difficulty calculation\main\debug\midi dif.7f4b5e92.tlog\bscmake.command.1.tlog
f:\my data\studioprojects\midi difficulty calculation\main\debug\midi dif.7f4b5e92.tlog\bscmake.read.1.tlog
f:\my data\studioprojects\midi difficulty calculation\main\debug\midi dif.7f4b5e92.tlog\bscmake.write.1.tlog
f:\my data\studioprojects\midi difficulty calculation\main\debug\midi dif.7f4b5e92.tlog\cl.command.1.tlog
f:\my data\studioprojects\midi difficulty calculation\main\debug\midi dif.7f4b5e92.tlog\cl.read.1.tlog
f:\my data\studioprojects\midi difficulty calculation\main\debug\midi dif.7f4b5e92.tlog\cl.write.1.tlog
f:\my data\studioprojects\midi difficulty calculation\main\debug\midi dif.7f4b5e92.tlog\link.command.1.tlog
f:\my data\studioprojects\midi difficulty calculation\main\debug\midi dif.7f4b5e92.tlog\link.read.1.tlog
f:\my data\studioprojects\midi difficulty calculation\main\debug\midi dif.7f4b5e92.tlog\link.write.1.tlog
